<?xml version="1.0" encoding="UTF-8"?>
<!-- Generated by org.testng.reporters.JUnitReportReporter -->
<testsuite hostname="LAPTOP-MCIHK329" failures="0" tests="1" name="testPackage.ActitimeCreateManagers" time="7.041" errors="0" timestamp="2023-10-06T14:18:56 IST" skipped="0">
  <testcase classname="testPackage.ActitimeCreateManagers" name="createNewManagerTestScript" time="7.041"/>
</testsuite> <!-- testPackage.ActitimeCreateManagers -->
