<?xml version="1.0" encoding="UTF-8"?>
<!-- Generated by org.testng.reporters.JUnitReportReporter -->
<testsuite hostname="LAPTOP-MCIHK329" failures="0" tests="1" name="testPackage.ActitimeInvalidLoginTestCase" time="25.221" errors="0" timestamp="2023-10-06T14:18:56 IST" skipped="0">
  <testcase classname="testPackage.ActitimeInvalidLoginTestCase" name="invalidLoginTestScript" time="25.221"/>
</testsuite> <!-- testPackage.ActitimeInvalidLoginTestCase -->
