<?xml version="1.0" encoding="UTF-8"?>
<!-- Generated by org.testng.reporters.JUnitReportReporter -->
<testsuite hostname="LAPTOP-MCIHK329" failures="0" tests="1" name="testPackage.ActiTimeDeleteTestCase" time="5.747" errors="0" timestamp="2023-10-06T14:18:56 IST" skipped="0">
  <testcase classname="testPackage.ActiTimeDeleteTestCase" name="deletetestScript" time="5.747"/>
</testsuite> <!-- testPackage.ActiTimeDeleteTestCase -->
